<?xml version="1.0" encoding="UTF-8"?>
<coverage generated="1708991809639" clover="3.2.0">
  <project timestamp="1708991809640" name="All files">
    <metrics statements="20" coveredstatements="0" conditionals="3" coveredconditionals="0" methods="3" coveredmethods="0" elements="26" coveredelements="0" complexity="0" loc="20" ncloc="20" packages="2" files="3" classes="3"/>
    <package name="softpoints-core">
      <metrics statements="10" coveredstatements="0" conditionals="1" coveredconditionals="0" methods="1" coveredmethods="0"/>
      <file name="vitest-unit.config.ts" path="C:\Users\Igor\Documents\ufs\softeam\softpoints-core\vitest-unit.config.ts">
        <metrics statements="10" coveredstatements="0" conditionals="1" coveredconditionals="0" methods="1" coveredmethods="0"/>
        <line num="1" count="0" type="cond" truecount="0" falsecount="1"/>
        <line num="2" count="0" type="stmt"/>
        <line num="3" count="0" type="stmt"/>
        <line num="4" count="0" type="stmt"/>
        <line num="5" count="0" type="stmt"/>
        <line num="6" count="0" type="stmt"/>
        <line num="7" count="0" type="stmt"/>
        <line num="8" count="0" type="stmt"/>
        <line num="9" count="0" type="stmt"/>
        <line num="10" count="0" type="stmt"/>
      </file>
    </package>
    <package name="softpoints-core.src.shared.infra.http">
      <metrics statements="10" coveredstatements="0" conditionals="2" coveredconditionals="0" methods="2" coveredmethods="0"/>
      <file name="app.ts" path="C:\Users\Igor\Documents\ufs\softeam\softpoints-core\src\shared\infra\http\app.ts">
        <metrics statements="7" coveredstatements="0" conditionals="1" coveredconditionals="0" methods="1" coveredmethods="0"/>
        <line num="1" count="0" type="cond" truecount="0" falsecount="1"/>
        <line num="2" count="0" type="stmt"/>
        <line num="3" count="0" type="stmt"/>
        <line num="4" count="0" type="stmt"/>
        <line num="5" count="0" type="stmt"/>
        <line num="6" count="0" type="stmt"/>
        <line num="7" count="0" type="stmt"/>
      </file>
      <file name="server.ts" path="C:\Users\Igor\Documents\ufs\softeam\softpoints-core\src\shared\infra\http\server.ts">
        <metrics statements="3" coveredstatements="0" conditionals="1" coveredconditionals="0" methods="1" coveredmethods="0"/>
        <line num="1" count="0" type="cond" truecount="0" falsecount="1"/>
        <line num="2" count="0" type="stmt"/>
        <line num="3" count="0" type="stmt"/>
      </file>
    </package>
  </project>
</coverage>
